<?xml version="1.0" encoding="UTF-8"?>
<testng-results skipped="0" failed="0" ignored="0" total="2" passed="2">
  <reporter-output>
  </reporter-output>
  <suite name="Command line suite" duration-ms="6477" started-at="2021-05-20T15:33:12 IST" finished-at="2021-05-20T15:33:18 IST">
    <groups>
    </groups>
    <test name="Command line test" duration-ms="6477" started-at="2021-05-20T15:33:12 IST" finished-at="2021-05-20T15:33:18 IST">
      <class name="testCases.DemoTest">
        <test-method status="PASS" signature="launch()[pri:0, instance:testCases.DemoTest@166fa74d]" name="launch" is-config="true" duration-ms="6294" started-at="2021-05-20T15:33:12 IST" finished-at="2021-05-20T15:33:18 IST">
          <reporter-output>
          </reporter-output>
        </test-method> <!-- launch -->
        <test-method status="PASS" signature="test1()[pri:0, instance:testCases.DemoTest@166fa74d]" name="test1" duration-ms="41" started-at="2021-05-20T15:33:18 IST" finished-at="2021-05-20T15:33:18 IST">
          <reporter-output>
          </reporter-output>
        </test-method> <!-- test1 -->
        <test-method status="PASS" signature="test2()[pri:0, instance:testCases.DemoTest@166fa74d]" name="test2" duration-ms="3" started-at="2021-05-20T15:33:18 IST" finished-at="2021-05-20T15:33:18 IST">
          <reporter-output>
          </reporter-output>
        </test-method> <!-- test2 -->
        <test-method status="PASS" signature="Logout()[pri:0, instance:testCases.DemoTest@166fa74d]" name="Logout" is-config="true" duration-ms="1" started-at="2021-05-20T15:33:18 IST" finished-at="2021-05-20T15:33:18 IST">
          <reporter-output>
          </reporter-output>
        </test-method> <!-- Logout -->
      </class> <!-- testCases.DemoTest -->
    </test> <!-- Command line test -->
  </suite> <!-- Command line suite -->
</testng-results>
