<?xml version="1.0" encoding="UTF-8"?>
<testng-results skipped="0" failed="0" ignored="0" total="2" passed="2">
  <reporter-output>
  </reporter-output>
  <suite name="Suite" duration-ms="6656" started-at="2021-05-24T15:17:33 IST" finished-at="2021-05-24T15:17:40 IST">
    <groups>
    </groups>
    <test name="Test" duration-ms="6656" started-at="2021-05-24T15:17:33 IST" finished-at="2021-05-24T15:17:40 IST">
      <class name="testCases.DemoTest">
        <test-method status="PASS" signature="launch()[pri:0, instance:testCases.DemoTest@670002]" name="launch" is-config="true" duration-ms="4924" started-at="2021-05-24T15:17:33 IST" finished-at="2021-05-24T15:17:38 IST">
          <reporter-output>
          </reporter-output>
        </test-method> <!-- launch -->
        <test-method status="PASS" signature="test1()[pri:0, instance:testCases.DemoTest@670002]" name="test1" duration-ms="794" started-at="2021-05-24T15:17:38 IST" finished-at="2021-05-24T15:17:39 IST">
          <reporter-output>
          </reporter-output>
        </test-method> <!-- test1 -->
        <test-method status="PASS" signature="test2()[pri:0, instance:testCases.DemoTest@670002]" name="test2" duration-ms="668" started-at="2021-05-24T15:17:39 IST" finished-at="2021-05-24T15:17:40 IST">
          <reporter-output>
          </reporter-output>
        </test-method> <!-- test2 -->
        <test-method status="PASS" signature="Logout()[pri:0, instance:testCases.DemoTest@670002]" name="Logout" is-config="true" duration-ms="3" started-at="2021-05-24T15:17:40 IST" finished-at="2021-05-24T15:17:40 IST">
          <reporter-output>
          </reporter-output>
        </test-method> <!-- Logout -->
      </class> <!-- testCases.DemoTest -->
    </test> <!-- Test -->
  </suite> <!-- Suite -->
</testng-results>
